<?xml version="1.0" encoding="utf-8"?>
<test-run id="2" name="NSimulate.UnitTest.exe" fullname="C:/Users/phillip.pettit/Documents/GitHub/NSimulate/src/NSimulate.UnitTest/bin/Debug/net452/win7-x64/NSimulate.UnitTest.exe" testcasecount="33" result="Passed" start-time="2016-03-08 16:26:55Z" end-time="2016-03-08 16:26:55Z" duration="0.101983" total="33" passed="33" failed="0" inconclusive="0" skipped="0" asserts="177" random-seed="778926469">
  <command-line><![CDATA["C:\Users\phillip.pettit\Documents\GitHub\NSimulate\src\NSimulate.UnitTest\bin\Debug\net452\win7-x64\NSimulate.UnitTest.exe"]]></command-line>
  <filter />
  <test-suite type="Assembly" id="1054" name="NSimulate.UnitTest.exe" fullname="C:/Users/phillip.pettit/Documents/GitHub/NSimulate/src/NSimulate.UnitTest/bin/Debug/net452/win7-x64/NSimulate.UnitTest.exe" runstate="Runnable" testcasecount="33" result="Passed" start-time="2016-03-08 16:26:55Z" end-time="2016-03-08 16:26:55Z" duration="0.101983" total="33" passed="33" failed="0" inconclusive="0" skipped="0" asserts="177">
    <environment framework-version="3.2.0.0" clr-version="4.0.30319.42000" os-version="Microsoft Windows NT 6.1.7601 Service Pack 1" platform="Win32NT" cwd="C:\Users\phillip.pettit\Documents\GitHub\NSimulate\src\NSimulate.UnitTest" machine-name="DOW-CND441573V" user="Phillip.Pettit" user-domain="DOWNERGROUP" culture="en-AU" uiculture="en-US" os-architecture="x64" />
    <settings>
      <setting name="WorkDirectory" value="C:\Users\phillip.pettit\Documents\GitHub\NSimulate\src\NSimulate.UnitTest" />
      <setting name="NumberOfTestWorkers" value="8" />
    </settings>
    <properties>
      <property name="_PID" value="26140" />
      <property name="_APPDOMAIN" value="NSimulate.UnitTest.exe" />
    </properties>
    <test-suite type="TestSuite" id="1055" name="NSimulate" fullname="NSimulate" runstate="Runnable" testcasecount="33" result="Passed" start-time="2016-03-08 16:26:55Z" end-time="2016-03-08 16:26:55Z" duration="0.095337" total="33" passed="33" failed="0" inconclusive="0" skipped="0" asserts="177">
      <test-suite type="TestSuite" id="1056" name="UnitTest" fullname="NSimulate.UnitTest" runstate="Runnable" testcasecount="33" result="Passed" start-time="2016-03-08 16:26:55Z" end-time="2016-03-08 16:26:55Z" duration="0.095249" total="33" passed="33" failed="0" inconclusive="0" skipped="0" asserts="177">
        <test-suite type="TestFixture" id="1019" name="ActivateInstructionFixture" fullname="NSimulate.UnitTest.ActivateInstructionFixture" classname="NSimulate.UnitTest.ActivateInstructionFixture" runstate="Runnable" testcasecount="2" result="Passed" start-time="2016-03-08 16:26:55Z" end-time="2016-03-08 16:26:55Z" duration="0.022834" total="2" passed="2" failed="0" inconclusive="0" skipped="0" asserts="4">
          <test-case id="1021" name="Complete_ContextPassed_ProcessActivated" fullname="NSimulate.UnitTest.ActivateInstructionFixture.Complete_ContextPassed_ProcessActivated" methodname="Complete_ContextPassed_ProcessActivated" classname="NSimulate.UnitTest.ActivateInstructionFixture" runstate="Runnable" seed="79304597" result="Passed" start-time="2016-03-08 16:26:55Z" end-time="2016-03-08 16:26:55Z" duration="0.013704" asserts="4" />
          <test-case id="1020" name="TestCase" fullname="NSimulate.UnitTest.ActivateInstructionFixture.TestCase" methodname="TestCase" classname="NSimulate.UnitTest.ActivateInstructionFixture" runstate="Runnable" seed="1002758134" result="Passed" start-time="2016-03-08 16:26:55Z" end-time="2016-03-08 16:26:55Z" duration="0.000107" asserts="0" />
        </test-suite>
        <test-suite type="TestFixture" id="1000" name="ActivityHostProcessFixture" fullname="NSimulate.UnitTest.ActivityHostProcessFixture" classname="NSimulate.UnitTest.ActivityHostProcessFixture" runstate="Runnable" testcasecount="1" result="Passed" start-time="2016-03-08 16:26:55Z" end-time="2016-03-08 16:26:55Z" duration="0.013463" total="1" passed="1" failed="0" inconclusive="0" skipped="0" asserts="10">
          <test-case id="1001" name="Simulate_ActivitySpecified_ActivityFiredAtTheAppropriateTime" fullname="NSimulate.UnitTest.ActivityHostProcessFixture.Simulate_ActivitySpecified_ActivityFiredAtTheAppropriateTime" methodname="Simulate_ActivitySpecified_ActivityFiredAtTheAppropriateTime" classname="NSimulate.UnitTest.ActivityHostProcessFixture" runstate="Runnable" seed="798259755" result="Passed" start-time="2016-03-08 16:26:55Z" end-time="2016-03-08 16:26:55Z" duration="0.013018" asserts="10" />
        </test-suite>
        <test-suite type="TestFixture" id="1022" name="AllocateInstructionFixture" fullname="NSimulate.UnitTest.AllocateInstructionFixture" classname="NSimulate.UnitTest.AllocateInstructionFixture" runstate="Runnable" testcasecount="3" result="Passed" start-time="2016-03-08 16:26:55Z" end-time="2016-03-08 16:26:55Z" duration="0.012757" total="3" passed="3" failed="0" inconclusive="0" skipped="0" asserts="20">
          <test-case id="1023" name="Complete_Multiple_ReturnsTrueOnlyWhenEnoughResources" fullname="NSimulate.UnitTest.AllocateInstructionFixture.Complete_Multiple_ReturnsTrueOnlyWhenEnoughResources" methodname="Complete_Multiple_ReturnsTrueOnlyWhenEnoughResources" classname="NSimulate.UnitTest.AllocateInstructionFixture" runstate="Runnable" seed="304199382" result="Passed" start-time="2016-03-08 16:26:55Z" end-time="2016-03-08 16:26:55Z" duration="0.007834" asserts="6" />
          <test-case id="1025" name="Complete_WithFilter_ResourcesAllocatedInPriorityOrder" fullname="NSimulate.UnitTest.AllocateInstructionFixture.Complete_WithFilter_ResourcesAllocatedInPriorityOrder" methodname="Complete_WithFilter_ResourcesAllocatedInPriorityOrder" classname="NSimulate.UnitTest.AllocateInstructionFixture" runstate="Runnable" seed="1262715352" result="Passed" start-time="2016-03-08 16:26:55Z" end-time="2016-03-08 16:26:55Z" duration="0.001968" asserts="7" />
          <test-case id="1024" name="Complete_WithPriority_ResourcesAllocatedInPriorityOrder" fullname="NSimulate.UnitTest.AllocateInstructionFixture.Complete_WithPriority_ResourcesAllocatedInPriorityOrder" methodname="Complete_WithPriority_ResourcesAllocatedInPriorityOrder" classname="NSimulate.UnitTest.AllocateInstructionFixture" runstate="Runnable" seed="1899952087" result="Passed" start-time="2016-03-08 16:26:55Z" end-time="2016-03-08 16:26:55Z" duration="0.001448" asserts="7" />
        </test-suite>
        <test-suite type="TestFixture" id="1026" name="CompositeInstructionFixture" fullname="NSimulate.UnitTest.CompositeInstructionFixture" classname="NSimulate.UnitTest.CompositeInstructionFixture" runstate="Runnable" testcasecount="2" result="Passed" start-time="2016-03-08 16:26:55Z" end-time="2016-03-08 16:26:55Z" duration="0.003585" total="2" passed="2" failed="0" inconclusive="0" skipped="0" asserts="26">
          <test-case id="1027" name="CanComplete_ContainedInstructionsCalled_CanCompleteOnlyWhenAllContainedInstructionsCan" fullname="NSimulate.UnitTest.CompositeInstructionFixture.CanComplete_ContainedInstructionsCalled_CanCompleteOnlyWhenAllContainedInstructionsCan" methodname="CanComplete_ContainedInstructionsCalled_CanCompleteOnlyWhenAllContainedInstructionsCan" classname="NSimulate.UnitTest.CompositeInstructionFixture" runstate="Runnable" seed="1069402004" result="Passed" start-time="2016-03-08 16:26:55Z" end-time="2016-03-08 16:26:55Z" duration="0.002065" asserts="16" />
          <test-case id="1028" name="Complete_ContainedInstructionsCalled_AllContainedInstructionsCompleted" fullname="NSimulate.UnitTest.CompositeInstructionFixture.Complete_ContainedInstructionsCalled_AllContainedInstructionsCompleted" methodname="Complete_ContainedInstructionsCalled_AllContainedInstructionsCompleted" classname="NSimulate.UnitTest.CompositeInstructionFixture" runstate="Runnable" seed="1448988997" result="Passed" start-time="2016-03-08 16:26:55Z" end-time="2016-03-08 16:26:55Z" duration="0.000830" asserts="10" />
        </test-suite>
        <test-suite type="TestFixture" id="1029" name="DeactivateInstructionFixture" fullname="NSimulate.UnitTest.DeactivateInstructionFixture" classname="NSimulate.UnitTest.DeactivateInstructionFixture" runstate="Runnable" testcasecount="1" result="Passed" start-time="2016-03-08 16:26:55Z" end-time="2016-03-08 16:26:55Z" duration="0.002764" total="1" passed="1" failed="0" inconclusive="0" skipped="0" asserts="4">
          <test-case id="1030" name="Complete_ContextPassed_ProcessDeActivated" fullname="NSimulate.UnitTest.DeactivateInstructionFixture.Complete_ContextPassed_ProcessDeActivated" methodname="Complete_ContextPassed_ProcessDeActivated" classname="NSimulate.UnitTest.DeactivateInstructionFixture" runstate="Runnable" seed="129833087" result="Passed" start-time="2016-03-08 16:26:55Z" end-time="2016-03-08 16:26:55Z" duration="0.002453" asserts="4" />
        </test-suite>
        <test-suite type="TestFixture" id="1031" name="InterruptInstructionFixture" fullname="NSimulate.UnitTest.InterruptInstructionFixture" classname="NSimulate.UnitTest.InterruptInstructionFixture" runstate="Runnable" testcasecount="1" result="Passed" start-time="2016-03-08 16:26:55Z" end-time="2016-03-08 16:26:55Z" duration="0.002266" total="1" passed="1" failed="0" inconclusive="0" skipped="0" asserts="6">
          <test-case id="1032" name="Complete_ContextPassed_ProcessActivated" fullname="NSimulate.UnitTest.InterruptInstructionFixture.Complete_ContextPassed_ProcessActivated" methodname="Complete_ContextPassed_ProcessActivated" classname="NSimulate.UnitTest.InterruptInstructionFixture" runstate="Runnable" seed="502868772" result="Passed" start-time="2016-03-08 16:26:55Z" end-time="2016-03-08 16:26:55Z" duration="0.001957" asserts="6" />
        </test-suite>
        <test-suite type="TestFixture" id="1033" name="PassInstructionFixture" fullname="NSimulate.UnitTest.PassInstructionFixture" classname="NSimulate.UnitTest.PassInstructionFixture" runstate="Runnable" testcasecount="1" result="Passed" start-time="2016-03-08 16:26:55Z" end-time="2016-03-08 16:26:55Z" duration="0.000848" total="1" passed="1" failed="0" inconclusive="0" skipped="0" asserts="4">
          <test-case id="1034" name="CanComplete_ContextPassed_ReturnsFalseUntilTimePeriodChanged" fullname="NSimulate.UnitTest.PassInstructionFixture.CanComplete_ContextPassed_ReturnsFalseUntilTimePeriodChanged" methodname="CanComplete_ContextPassed_ReturnsFalseUntilTimePeriodChanged" classname="NSimulate.UnitTest.PassInstructionFixture" runstate="Runnable" seed="1548732413" result="Passed" start-time="2016-03-08 16:26:55Z" end-time="2016-03-08 16:26:55Z" duration="0.000450" asserts="4" />
        </test-suite>
        <test-suite type="TestFixture" id="1002" name="ProcessFixture" fullname="NSimulate.UnitTest.ProcessFixture" classname="NSimulate.UnitTest.ProcessFixture" runstate="Runnable" testcasecount="2" result="Passed" start-time="2016-03-08 16:26:55Z" end-time="2016-03-08 16:26:55Z" duration="0.001522" total="2" passed="2" failed="0" inconclusive="0" skipped="0" asserts="5">
          <test-case id="1003" name="Constructor_SimulationContextExists_ProcessRegistered" fullname="NSimulate.UnitTest.ProcessFixture.Constructor_SimulationContextExists_ProcessRegistered" methodname="Constructor_SimulationContextExists_ProcessRegistered" classname="NSimulate.UnitTest.ProcessFixture" runstate="Runnable" seed="1801850340" result="Passed" start-time="2016-03-08 16:26:55Z" end-time="2016-03-08 16:26:55Z" duration="0.000336" asserts="3" />
          <test-case id="1004" name="Simulate_EnumerableReturned" fullname="NSimulate.UnitTest.ProcessFixture.Simulate_EnumerableReturned" methodname="Simulate_EnumerableReturned" classname="NSimulate.UnitTest.ProcessFixture" runstate="Runnable" seed="17143493" result="Passed" start-time="2016-03-08 16:26:55Z" end-time="2016-03-08 16:26:55Z" duration="0.000336" asserts="2" />
        </test-suite>
        <test-suite type="TestFixture" id="1038" name="ReleaseInstructionFixture" fullname="NSimulate.UnitTest.ReleaseInstructionFixture" classname="NSimulate.UnitTest.ReleaseInstructionFixture" runstate="Runnable" testcasecount="1" result="Passed" start-time="2016-03-08 16:26:55Z" end-time="2016-03-08 16:26:55Z" duration="0.002750" total="1" passed="1" failed="0" inconclusive="0" skipped="0" asserts="6">
          <test-case id="1039" name="Complete_ResourcesAllocated_ResourcesDeallocated" fullname="NSimulate.UnitTest.ReleaseInstructionFixture.Complete_ResourcesAllocated_ResourcesDeallocated" methodname="Complete_ResourcesAllocated_ResourcesDeallocated" classname="NSimulate.UnitTest.ReleaseInstructionFixture" runstate="Runnable" seed="976149245" result="Passed" start-time="2016-03-08 16:26:55Z" end-time="2016-03-08 16:26:55Z" duration="0.002282" asserts="6" />
        </test-suite>
        <test-suite type="TestFixture" id="1005" name="ResourceFixture" fullname="NSimulate.UnitTest.ResourceFixture" classname="NSimulate.UnitTest.ResourceFixture" runstate="Runnable" testcasecount="1" result="Passed" start-time="2016-03-08 16:26:55Z" end-time="2016-03-08 16:26:55Z" duration="0.000938" total="1" passed="1" failed="0" inconclusive="0" skipped="0" asserts="3">
          <test-case id="1006" name="Constructor_SimulationContextExists_ResourceRegistered" fullname="NSimulate.UnitTest.ResourceFixture.Constructor_SimulationContextExists_ResourceRegistered" methodname="Constructor_SimulationContextExists_ResourceRegistered" classname="NSimulate.UnitTest.ResourceFixture" runstate="Runnable" seed="2113917196" result="Passed" start-time="2016-03-08 16:26:55Z" end-time="2016-03-08 16:26:55Z" duration="0.000530" asserts="3" />
        </test-suite>
        <test-suite type="TestFixture" id="1040" name="ScheduleActivityInstructionFixture" fullname="NSimulate.UnitTest.ScheduleActivityInstructionFixture" classname="NSimulate.UnitTest.ScheduleActivityInstructionFixture" runstate="Runnable" testcasecount="1" result="Passed" start-time="2016-03-08 16:26:55Z" end-time="2016-03-08 16:26:55Z" duration="0.002028" total="1" passed="1" failed="0" inconclusive="0" skipped="0" asserts="6">
          <test-case id="1041" name="Complete_ActivitySpecified_ActivityScheduled" fullname="NSimulate.UnitTest.ScheduleActivityInstructionFixture.Complete_ActivitySpecified_ActivityScheduled" methodname="Complete_ActivitySpecified_ActivityScheduled" classname="NSimulate.UnitTest.ScheduleActivityInstructionFixture" runstate="Runnable" seed="1693718546" result="Passed" start-time="2016-03-08 16:26:55Z" end-time="2016-03-08 16:26:55Z" duration="0.001551" asserts="6" />
        </test-suite>
        <test-suite type="TestFixture" id="1007" name="SimulationContextFixture" fullname="NSimulate.UnitTest.SimulationContextFixture" classname="NSimulate.UnitTest.SimulationContextFixture" runstate="Runnable" testcasecount="3" result="Passed" start-time="2016-03-08 16:26:55Z" end-time="2016-03-08 16:26:55Z" duration="0.003474" total="3" passed="3" failed="0" inconclusive="0" skipped="0" asserts="14">
          <test-case id="1009" name="Constructor_IsDefault_ContextSetAsDefaultForProcess" fullname="NSimulate.UnitTest.SimulationContextFixture.Constructor_IsDefault_ContextSetAsDefaultForProcess" methodname="Constructor_IsDefault_ContextSetAsDefaultForProcess" classname="NSimulate.UnitTest.SimulationContextFixture" runstate="Runnable" seed="212386315" result="Passed" start-time="2016-03-08 16:26:55Z" end-time="2016-03-08 16:26:55Z" duration="0.000624" asserts="1" />
          <test-case id="1010" name="MoveToTimePeriod_TimePeriodSpecified_ProcessCollectionsInitialised" fullname="NSimulate.UnitTest.SimulationContextFixture.MoveToTimePeriod_TimePeriodSpecified_ProcessCollectionsInitialised" methodname="MoveToTimePeriod_TimePeriodSpecified_ProcessCollectionsInitialised" classname="NSimulate.UnitTest.SimulationContextFixture" runstate="Runnable" seed="1347475421" result="Passed" start-time="2016-03-08 16:26:55Z" end-time="2016-03-08 16:26:55Z" duration="0.000677" asserts="9" />
          <test-case id="1008" name="RegisterAndGet_ObjectRegistered_ObjectCanBeRetrieved" fullname="NSimulate.UnitTest.SimulationContextFixture.RegisterAndGet_ObjectRegistered_ObjectCanBeRetrieved" methodname="RegisterAndGet_ObjectRegistered_ObjectCanBeRetrieved" classname="NSimulate.UnitTest.SimulationContextFixture" runstate="Runnable" seed="1553621128" result="Passed" start-time="2016-03-08 16:26:55Z" end-time="2016-03-08 16:26:55Z" duration="0.000974" asserts="4" />
        </test-suite>
        <test-suite type="TestFixture" id="1011" name="SimulationElementFixture" fullname="NSimulate.UnitTest.SimulationElementFixture" classname="NSimulate.UnitTest.SimulationElementFixture" runstate="Runnable" testcasecount="1" result="Passed" start-time="2016-03-08 16:26:55Z" end-time="2016-03-08 16:26:55Z" duration="0.000843" total="1" passed="1" failed="0" inconclusive="0" skipped="0" asserts="1">
          <test-case id="1012" name="Constructor_SimulationContextExists_ResourceRegistered" fullname="NSimulate.UnitTest.SimulationElementFixture.Constructor_SimulationContextExists_ResourceRegistered" methodname="Constructor_SimulationContextExists_ResourceRegistered" classname="NSimulate.UnitTest.SimulationElementFixture" runstate="Runnable" seed="591261833" result="Passed" start-time="2016-03-08 16:26:55Z" end-time="2016-03-08 16:26:55Z" duration="0.000465" asserts="1" />
        </test-suite>
        <test-suite type="TestFixture" id="1013" name="SimulationEndTriggerFixture" fullname="NSimulate.UnitTest.SimulationEndTriggerFixture" classname="NSimulate.UnitTest.SimulationEndTriggerFixture" runstate="Runnable" testcasecount="1" result="Passed" start-time="2016-03-08 16:26:55Z" end-time="2016-03-08 16:26:55Z" duration="0.004198" total="1" passed="1" failed="0" inconclusive="0" skipped="0" asserts="2">
          <test-case id="1014" name="Process_EndConditionSpecified_EndConditionMetAtExpectedTime" fullname="NSimulate.UnitTest.SimulationEndTriggerFixture.Process_EndConditionSpecified_EndConditionMetAtExpectedTime" methodname="Process_EndConditionSpecified_EndConditionMetAtExpectedTime" classname="NSimulate.UnitTest.SimulationEndTriggerFixture" runstate="Runnable" seed="173340171" result="Passed" start-time="2016-03-08 16:26:55Z" end-time="2016-03-08 16:26:55Z" duration="0.003784" asserts="2" />
        </test-suite>
        <test-suite type="TestFixture" id="1015" name="SimulatorFixture" fullname="NSimulate.UnitTest.SimulatorFixture" classname="NSimulate.UnitTest.SimulatorFixture" runstate="Runnable" testcasecount="3" result="Passed" start-time="2016-03-08 16:26:55Z" end-time="2016-03-08 16:26:55Z" duration="0.003634" total="3" passed="3" failed="0" inconclusive="0" skipped="0" asserts="13">
          <test-case id="1018" name="Simulate_ResourceContention_SimulationEndsAtExpectedPeriod" fullname="NSimulate.UnitTest.SimulatorFixture.Simulate_ResourceContention_SimulationEndsAtExpectedPeriod" methodname="Simulate_ResourceContention_SimulationEndsAtExpectedPeriod" classname="NSimulate.UnitTest.SimulatorFixture" runstate="Runnable" seed="1079396103" result="Passed" start-time="2016-03-08 16:26:55Z" end-time="2016-03-08 16:26:55Z" duration="0.000690" asserts="1" />
          <test-case id="1017" name="Simulate_Terminated_SimulationEndsAtTerminatedPeriod" fullname="NSimulate.UnitTest.SimulatorFixture.Simulate_Terminated_SimulationEndsAtTerminatedPeriod" methodname="Simulate_Terminated_SimulationEndsAtTerminatedPeriod" classname="NSimulate.UnitTest.SimulatorFixture" runstate="Runnable" seed="2055237640" result="Passed" start-time="2016-03-08 16:26:55Z" end-time="2016-03-08 16:26:55Z" duration="0.000764" asserts="6" />
          <test-case id="1016" name="Simulate_VariousProcesses_SimulateAsExpected" fullname="NSimulate.UnitTest.SimulatorFixture.Simulate_VariousProcesses_SimulateAsExpected" methodname="Simulate_VariousProcesses_SimulateAsExpected" classname="NSimulate.UnitTest.SimulatorFixture" runstate="Runnable" seed="1328488278" result="Passed" start-time="2016-03-08 16:26:55Z" end-time="2016-03-08 16:26:55Z" duration="0.000905" asserts="6" />
        </test-suite>
        <test-suite type="TestFixture" id="1042" name="StopSimulationInstructionFixture" fullname="NSimulate.UnitTest.StopSimulationInstructionFixture" classname="NSimulate.UnitTest.StopSimulationInstructionFixture" runstate="Runnable" testcasecount="1" result="Passed" start-time="2016-03-08 16:26:55Z" end-time="2016-03-08 16:26:55Z" duration="0.001113" total="1" passed="1" failed="0" inconclusive="0" skipped="0" asserts="3">
          <test-case id="1043" name="Complete_ContextPassed_ContextFlaggedForSimulationStop" fullname="NSimulate.UnitTest.StopSimulationInstructionFixture.Complete_ContextPassed_ContextFlaggedForSimulationStop" methodname="Complete_ContextPassed_ContextFlaggedForSimulationStop" classname="NSimulate.UnitTest.StopSimulationInstructionFixture" runstate="Runnable" seed="672876239" result="Passed" start-time="2016-03-08 16:26:55Z" end-time="2016-03-08 16:26:55Z" duration="0.000713" asserts="3" />
        </test-suite>
        <test-suite type="TestFixture" id="1044" name="TerminateSimulationInstructionFixture" fullname="NSimulate.UnitTest.TerminateSimulationInstructionFixture" classname="NSimulate.UnitTest.TerminateSimulationInstructionFixture" runstate="Runnable" testcasecount="1" result="Passed" start-time="2016-03-08 16:26:55Z" end-time="2016-03-08 16:26:55Z" duration="0.000655" total="1" passed="1" failed="0" inconclusive="0" skipped="0" asserts="3">
          <test-case id="1045" name="Complete_ContextPassed_ContextFlaggedForSimulationTerminate" fullname="NSimulate.UnitTest.TerminateSimulationInstructionFixture.Complete_ContextPassed_ContextFlaggedForSimulationTerminate" methodname="Complete_ContextPassed_ContextFlaggedForSimulationTerminate" classname="NSimulate.UnitTest.TerminateSimulationInstructionFixture" runstate="Runnable" seed="1923017343" result="Passed" start-time="2016-03-08 16:26:55Z" end-time="2016-03-08 16:26:55Z" duration="0.000240" asserts="3" />
        </test-suite>
        <test-suite type="TestFixture" id="1046" name="WaitAndRaiseNotificationInstructionFixture" fullname="NSimulate.UnitTest.WaitAndRaiseNotificationInstructionFixture" classname="NSimulate.UnitTest.WaitAndRaiseNotificationInstructionFixture" runstate="Runnable" testcasecount="2" result="Passed" start-time="2016-03-08 16:26:55Z" end-time="2016-03-08 16:26:55Z" duration="0.004657" total="2" passed="2" failed="0" inconclusive="0" skipped="0" asserts="12">
          <test-case id="1047" name="CanComplete_BeforeAndAfterEvent_ReturnsTrueOnlyAfterEvent" fullname="NSimulate.UnitTest.WaitAndRaiseNotificationInstructionFixture.CanComplete_BeforeAndAfterEvent_ReturnsTrueOnlyAfterEvent" methodname="CanComplete_BeforeAndAfterEvent_ReturnsTrueOnlyAfterEvent" classname="NSimulate.UnitTest.WaitAndRaiseNotificationInstructionFixture" runstate="Runnable" seed="1912490567" result="Passed" start-time="2016-03-08 16:26:55Z" end-time="2016-03-08 16:26:55Z" duration="0.002773" asserts="4" />
          <test-case id="1048" name="CanComplete_BeforeAndAfterEventWithCondition_ReturnsTrueOnlyAfterEventMatchingCondition" fullname="NSimulate.UnitTest.WaitAndRaiseNotificationInstructionFixture.CanComplete_BeforeAndAfterEventWithCondition_ReturnsTrueOnlyAfterEventMatchingCondition" methodname="CanComplete_BeforeAndAfterEventWithCondition_ReturnsTrueOnlyAfterEventMatchingCondition" classname="NSimulate.UnitTest.WaitAndRaiseNotificationInstructionFixture" runstate="Runnable" seed="1109780594" result="Passed" start-time="2016-03-08 16:26:55Z" end-time="2016-03-08 16:26:55Z" duration="0.001099" asserts="8" />
        </test-suite>
        <test-suite type="TestFixture" id="1049" name="WaitConditionInstructionFixture" fullname="NSimulate.UnitTest.WaitConditionInstructionFixture" classname="NSimulate.UnitTest.WaitConditionInstructionFixture" runstate="Runnable" testcasecount="2" result="Passed" start-time="2016-03-08 16:26:55Z" end-time="2016-03-08 16:26:55Z" duration="0.001785" total="2" passed="2" failed="0" inconclusive="0" skipped="0" asserts="4">
          <test-case id="1051" name="CanComplete_ConditionMet_ReturnsTrue" fullname="NSimulate.UnitTest.WaitConditionInstructionFixture.CanComplete_ConditionMet_ReturnsTrue" methodname="CanComplete_ConditionMet_ReturnsTrue" classname="NSimulate.UnitTest.WaitConditionInstructionFixture" runstate="Runnable" seed="1032857843" result="Passed" start-time="2016-03-08 16:26:55Z" end-time="2016-03-08 16:26:55Z" duration="0.000558" asserts="2" />
          <test-case id="1050" name="CanComplete_ConditionNotMet_ReturnsFalse" fullname="NSimulate.UnitTest.WaitConditionInstructionFixture.CanComplete_ConditionNotMet_ReturnsFalse" methodname="CanComplete_ConditionNotMet_ReturnsFalse" classname="NSimulate.UnitTest.WaitConditionInstructionFixture" runstate="Runnable" seed="1813031081" result="Passed" start-time="2016-03-08 16:26:55Z" end-time="2016-03-08 16:26:55Z" duration="0.000408" asserts="2" />
        </test-suite>
        <test-suite type="TestFixture" id="1035" name="WaitEventInstructionFixture" fullname="NSimulate.UnitTest.WaitEventInstructionFixture" classname="NSimulate.UnitTest.WaitEventInstructionFixture" runstate="Runnable" testcasecount="2" result="Passed" start-time="2016-03-08 16:26:55Z" end-time="2016-03-08 16:26:55Z" duration="0.004912" total="2" passed="2" failed="0" inconclusive="0" skipped="0" asserts="12">
          <test-case id="1036" name="CanComplete_BeforeAndAfterEvent_ReturnsTrueOnlyAfterEvent" fullname="NSimulate.UnitTest.WaitEventInstructionFixture.CanComplete_BeforeAndAfterEvent_ReturnsTrueOnlyAfterEvent" methodname="CanComplete_BeforeAndAfterEvent_ReturnsTrueOnlyAfterEvent" classname="NSimulate.UnitTest.WaitEventInstructionFixture" runstate="Runnable" seed="591934172" result="Passed" start-time="2016-03-08 16:26:55Z" end-time="2016-03-08 16:26:55Z" duration="0.002976" asserts="4" />
          <test-case id="1037" name="CanComplete_BeforeAndAfterEventWithCondition_ReturnsTrueOnlyAfterEventMatchingCondition" fullname="NSimulate.UnitTest.WaitEventInstructionFixture.CanComplete_BeforeAndAfterEventWithCondition_ReturnsTrueOnlyAfterEventMatchingCondition" methodname="CanComplete_BeforeAndAfterEventWithCondition_ReturnsTrueOnlyAfterEventMatchingCondition" classname="NSimulate.UnitTest.WaitEventInstructionFixture" runstate="Runnable" seed="438749011" result="Passed" start-time="2016-03-08 16:26:55Z" end-time="2016-03-08 16:26:55Z" duration="0.001045" asserts="8" />
        </test-suite>
        <test-suite type="TestFixture" id="1052" name="WaitInstructionFixture" fullname="NSimulate.UnitTest.WaitInstructionFixture" classname="NSimulate.UnitTest.WaitInstructionFixture" runstate="Runnable" testcasecount="1" result="Passed" start-time="2016-03-08 16:26:55Z" end-time="2016-03-08 16:26:55Z" duration="0.000701" total="1" passed="1" failed="0" inconclusive="0" skipped="0" asserts="19">
          <test-case id="1053" name="CanComplete_Various_ReturnsFalseUntilWaitTimeElapsed" fullname="NSimulate.UnitTest.WaitInstructionFixture.CanComplete_Various_ReturnsFalseUntilWaitTimeElapsed" methodname="CanComplete_Various_ReturnsFalseUntilWaitTimeElapsed" classname="NSimulate.UnitTest.WaitInstructionFixture" runstate="Runnable" seed="1342089395" result="Passed" start-time="2016-03-08 16:26:55Z" end-time="2016-03-08 16:26:55Z" duration="0.000326" asserts="19" />
        </test-suite>
      </test-suite>
    </test-suite>
  </test-suite>
</test-run>